2020-11-15 23:50:29,491 INFO main [Test.BaiduSearchWindow]info(line:46)--Test Case start.
2020-11-15 23:50:29,562 INFO main [PageOperations.BaiduLoginSearchWindow]info(line:46)--Window adjust size :(700, 700)
2020-11-15 23:50:34,879 INFO main [PageOperations.BaiduLoginSearchWindow]info(line:46)--Window size max
2020-11-15 23:50:38,023 INFO main [PageOperations.BaiduLoginSearchWindow]info(line:46)--Search box input: beyondSofterr
2020-11-15 23:51:08,451 ERROR main [Test.BaiduSearchWindow]error(line:54)Test case run Failed.
2020-11-15 23:56:19,922 INFO main [Test.BaiduSearchWindow]info --Test Case start.
2020-11-15 23:56:19,927 INFO main [PageOperations.BaiduLoginSearchWindow]info --Window adjust size :(700, 700)
2020-11-15 23:56:25,195 INFO main [PageOperations.BaiduLoginSearchWindow]info --Window size max
2020-11-15 23:56:28,347 INFO main [PageOperations.BaiduLoginSearchWindow]info --Search box input: beyondSofterr
2020-11-15 23:56:58,547 ERROR main [Test.BaiduSearchWindow]error Test case run Failed.
2020-11-16 00:02:25,715 INFO main [Test.BaiduSearchWindow]info --Test Case start.
2020-11-16 00:02:25,719 INFO main [PageOperations.BaiduLoginSearchWindow]info --Window adjust size :(700, 700)
2020-11-16 00:02:34,189 INFO main [PageOperations.BaiduLoginSearchWindow]info --Window size max
2020-11-16 00:02:37,318 INFO main [PageOperations.BaiduLoginSearchWindow]info --Search box input: beyondSofterr
2020-11-16 00:03:07,835 ERROR main [Test.BaiduSearchWindow]error Test case run Failed.
2020-11-16 00:07:03,600 INFO main [Test.BaiduSearchWindow]info --Test Case start.
2020-11-16 00:07:03,605 INFO main [PageOperations.BaiduLoginSearchWindow]info --Window adjust size :(700, 700)
2020-11-16 00:07:08,884 INFO main [PageOperations.BaiduLoginSearchWindow]info --Window size max
2020-11-16 00:07:12,003 INFO main [PageOperations.BaiduLoginSearchWindow]info --Search box input: beyondSofterr
2020-11-16 00:08:05,130 INFO main [Test.BaiduSearchWindow]info --Test Case start.
2020-11-16 00:08:05,137 INFO main [PageOperations.BaiduLoginSearchWindow]info --Window adjust size :(700, 700)
2020-11-16 00:08:10,397 INFO main [PageOperations.BaiduLoginSearchWindow]info --Window size max
2020-11-16 00:08:13,546 INFO main [PageOperations.BaiduLoginSearchWindow]info --Search box input: beyondSofterr
2020-11-16 00:08:39,037 INFO main [Test.BaiduSearchWindow]info --Test Case start.
2020-11-16 00:08:39,041 INFO main [PageOperations.BaiduLoginSearchWindow]info --Window adjust size :(700, 700)
2020-11-16 00:08:44,330 INFO main [PageOperations.BaiduLoginSearchWindow]info --Window size max
2020-11-16 00:08:47,509 INFO main [PageOperations.BaiduLoginSearchWindow]info --Search box input: beyondSofterr
2020-11-16 00:08:54,567 INFO main [Test.BaiduSearchWindow]info --Test Case start.
2020-11-16 00:08:54,571 INFO main [PageOperations.BaiduLoginSearchWindow]info --Window adjust size :(700, 700)
2020-11-16 00:08:59,875 INFO main [PageOperations.BaiduLoginSearchWindow]info --Window size max
2020-11-16 00:09:03,012 INFO main [PageOperations.BaiduLoginSearchWindow]info --Search box input: beyondSofterr
2020-11-16 00:09:18,010 ERROR main [Test.BaiduSearchWindow]error Test case run Failed.
2020-11-16 00:09:33,549 ERROR main [Test.BaiduSearchWindow]error Test case run Failed.
2020-11-16 00:12:05,520 INFO main [Test.BaiduSearchWindow]info --Test Case start.
2020-11-16 00:12:05,525 INFO main [PageOperations.BaiduLoginSearchWindow]info --Window adjust size :(700, 700)
2020-11-16 00:12:10,799 INFO main [PageOperations.BaiduLoginSearchWindow]info --Window size max
2020-11-16 00:12:13,960 INFO main [PageOperations.BaiduLoginSearchWindow]info --Search box input: beyondSofterr
2020-11-16 00:12:14,011 DEBUG main [SeleniumFrameworkMethod.SeleniumMethodBase]debug get element xpath: //input[@id='kw'].
2020-11-16 00:12:14,074 DEBUG main [SeleniumFrameworkMethod.SeleniumMethodBase]debug get element xpath: //input[@id='kw'].
2020-11-16 00:12:17,328 INFO main [PageOperations.BaiduLoginSearchWindow]info --delete more text.
2020-11-16 00:12:21,167 DEBUG main [SeleniumFrameworkMethod.SeleniumMethodBase]debug get element xpath: //input[@id='kw'].
2020-11-16 00:12:24,271 INFO main [PageOperations.BaiduLoginSearchWindow]info --doubleClick Text
2020-11-16 00:12:24,280 DEBUG main [SeleniumFrameworkMethod.SeleniumMethodBase]debug get element xpath: //input[@id='kw'].
2020-11-16 00:12:28,287 INFO main [PageOperations.BaiduLoginSearchWindow]info --Cut box text :beyondSofterr.
2020-11-16 00:12:28,296 DEBUG main [SeleniumFrameworkMethod.SeleniumMethodBase]debug get element xpath: //input[@id='kw'].
2020-11-16 00:12:31,336 INFO main [PageOperations.BaiduLoginSearchWindow]info --Copy box text :beyondSofterr.
2020-11-16 00:12:31,366 DEBUG main [SeleniumFrameworkMethod.SeleniumMethodBase]debug get element xpath: //input[@id='kw'].
2020-11-16 00:12:34,433 INFO main [PageOperations.BaiduLoginSearchWindow]info --Click search button
2020-11-16 00:12:34,434 DEBUG main [LabelOperation.ButtonMethod]debug click element xpath: //span[@id='s_btn_wr']/child::input.
2020-11-16 00:13:04,927 ERROR main [Test.BaiduSearchWindow]error Test case run Failed.
2020-11-16 00:14:58,401 INFO main [Test.BaiduSearchWindow]info --Test Case start.
2020-11-16 00:14:58,406 INFO main [PageOperations.BaiduLoginSearchWindow]info --Window adjust size :(700, 700)
2020-11-16 00:15:05,519 INFO main [PageOperations.BaiduLoginSearchWindow]info --Window size max
2020-11-16 00:15:08,689 INFO main [PageOperations.BaiduLoginSearchWindow]info --Search box input: beyondSofterr
2020-11-16 00:15:08,725 DEBUG main [SeleniumFrameworkMethod.SeleniumMethodBase]debug get element xpath: //input[@id='kw'].
2020-11-16 00:15:08,780 DEBUG main [SeleniumFrameworkMethod.SeleniumMethodBase]debug get element xpath: //input[@id='kw'].
2020-11-16 00:15:11,980 INFO main [PageOperations.BaiduLoginSearchWindow]info --delete more text.
2020-11-16 00:15:11,991 DEBUG main [SeleniumFrameworkMethod.SeleniumMethodBase]debug get element xpath: //input[@id='kw'].
2020-11-16 00:15:15,036 INFO main [PageOperations.BaiduLoginSearchWindow]info --doubleClick Text
2020-11-16 00:15:15,067 DEBUG main [SeleniumFrameworkMethod.SeleniumMethodBase]debug get element xpath: //input[@id='kw'].
2020-11-16 00:15:20,324 INFO main [PageOperations.BaiduLoginSearchWindow]info --Cut box text :beyondSofterr.
2020-11-16 00:15:20,349 DEBUG main [SeleniumFrameworkMethod.SeleniumMethodBase]debug get element xpath: //input[@id='kw'].
2020-11-16 00:15:23,447 INFO main [PageOperations.BaiduLoginSearchWindow]info --Copy box text :beyondSofterr.
2020-11-16 00:15:23,462 DEBUG main [SeleniumFrameworkMethod.SeleniumMethodBase]debug get element xpath: //input[@id='kw'].
2020-11-16 00:15:26,531 INFO main [PageOperations.BaiduLoginSearchWindow]info --Click search button
2020-11-16 00:15:26,532 DEBUG main [LabelOperation.ButtonMethod]debug click element xpath: //input[@type='submit'].
2020-11-16 00:15:26,573 DEBUG main [SeleniumFrameworkMethod.SeleniumMethodBase]debug get element xpath: //input[@type='submit'].
2020-11-16 00:15:29,705 INFO main [PageOperations.BaiduLoginSearchWindow]info --Referesh window
2020-11-16 00:15:32,729 INFO main [PageOperations.BaiduLoginSearchWindow]info --Back first page
2020-11-16 00:15:36,110 INFO main [PageOperations.BaiduLoginSearchWindow]info --Forward Search page
2020-11-16 00:15:39,191 INFO main [PageOperations.BaiduLoginSearchWindow]info --Assert hotSearch exists
2020-11-16 00:17:57,154 INFO main [Test.BaiduSearchWindow]info --Test Case start.
2020-11-16 00:17:57,158 INFO main [PageOperations.BaiduLoginSearchWindow]info --Window adjust size :(700, 700)
2020-11-16 00:18:02,430 INFO main [PageOperations.BaiduLoginSearchWindow]info --Window size max
2020-11-16 00:18:05,581 INFO main [PageOperations.BaiduLoginSearchWindow]info --Search box input: beyondSofterr
2020-11-16 00:18:05,634 DEBUG main [SeleniumFrameworkMethod.SeleniumMethodBase]debug get element xpath: //input[@id='kw'].
2020-11-16 00:18:05,682 DEBUG main [SeleniumFrameworkMethod.SeleniumMethodBase]debug get element xpath: //input[@id='kw'].
2020-11-16 00:18:08,877 INFO main [PageOperations.BaiduLoginSearchWindow]info --delete more text.
2020-11-16 00:18:08,904 DEBUG main [SeleniumFrameworkMethod.SeleniumMethodBase]debug get element xpath: //input[@id='kw'].
2020-11-16 00:18:11,959 INFO main [PageOperations.BaiduLoginSearchWindow]info --doubleClick Text
2020-11-16 00:18:11,967 DEBUG main [SeleniumFrameworkMethod.SeleniumMethodBase]debug get element xpath: //input[@id='kw'].
2020-11-16 00:18:15,384 INFO main [PageOperations.BaiduLoginSearchWindow]info --Cut box text :beyondSofterr.
2020-11-16 00:18:15,395 DEBUG main [SeleniumFrameworkMethod.SeleniumMethodBase]debug get element xpath: //input[@id='kw'].
2020-11-16 00:18:18,439 INFO main [PageOperations.BaiduLoginSearchWindow]info --Copy box text :beyondSofterr.
2020-11-16 00:18:18,453 DEBUG main [SeleniumFrameworkMethod.SeleniumMethodBase]debug get element xpath: //input[@id='kw'].
2020-11-16 00:18:21,500 INFO main [PageOperations.BaiduLoginSearchWindow]info --Click search button
2020-11-16 00:18:21,500 DEBUG main [LabelOperation.ButtonMethod]debug click element xpath: //input[@type='submit'].
2020-11-16 00:18:21,517 DEBUG main [SeleniumFrameworkMethod.SeleniumMethodBase]debug get element xpath: //input[@type='submit'].
2020-11-16 00:18:24,607 INFO main [PageOperations.BaiduLoginSearchWindow]info --Referesh window
2020-11-16 00:18:27,656 INFO main [PageOperations.BaiduLoginSearchWindow]info --Back first page
2020-11-16 00:18:31,043 INFO main [PageOperations.BaiduLoginSearchWindow]info --Forward Search page
2020-11-16 00:18:34,163 INFO main [PageOperations.BaiduLoginSearchWindow]info --Assert hotSearch exists
2020-11-16 00:19:11,809 INFO main [Test.BaiduSearchWindow]info --Test Case start.
2020-11-16 00:19:11,812 INFO main [PageOperations.BaiduLoginSearchWindow]info --Window adjust size :(700, 700)
2020-11-16 00:19:17,101 INFO main [PageOperations.BaiduLoginSearchWindow]info --Window size max
2020-11-16 00:19:20,234 INFO main [PageOperations.BaiduLoginSearchWindow]info --Search box input: beyondSofterr
2020-11-16 00:19:20,277 DEBUG main [SeleniumFrameworkMethod.SeleniumMethodBase]debug get element xpath: //input[@id='kw'].
2020-11-16 00:19:20,335 DEBUG main [SeleniumFrameworkMethod.SeleniumMethodBase]debug get element xpath: //input[@id='kw'].
2020-11-16 00:19:23,577 INFO main [PageOperations.BaiduLoginSearchWindow]info --delete more text.
2020-11-16 00:19:27,641 DEBUG main [SeleniumFrameworkMethod.SeleniumMethodBase]debug get element xpath: //input[@id='kw'].
2020-11-16 00:19:30,705 INFO main [PageOperations.BaiduLoginSearchWindow]info --doubleClick Text
2020-11-16 00:19:30,738 DEBUG main [SeleniumFrameworkMethod.SeleniumMethodBase]debug get element xpath: //input[@id='kw'].
2020-11-16 00:19:34,998 INFO main [PageOperations.BaiduLoginSearchWindow]info --Cut box text :beyondSofterr.
2020-11-16 00:19:35,012 DEBUG main [SeleniumFrameworkMethod.SeleniumMethodBase]debug get element xpath: //input[@id='kw'].
2020-11-16 00:19:38,118 INFO main [PageOperations.BaiduLoginSearchWindow]info --Copy box text :beyondSofterr.
2020-11-16 00:19:38,136 DEBUG main [SeleniumFrameworkMethod.SeleniumMethodBase]debug get element xpath: //input[@id='kw'].
2020-11-16 00:19:41,209 INFO main [PageOperations.BaiduLoginSearchWindow]info --Click search button
2020-11-16 00:19:41,210 DEBUG main [LabelOperation.ButtonMethod]debug click element xpath: //input[@type='submit'].
2020-11-16 00:19:41,242 DEBUG main [SeleniumFrameworkMethod.SeleniumMethodBase]debug get element xpath: //input[@type='submit'].
2020-11-16 00:19:44,306 INFO main [PageOperations.BaiduLoginSearchWindow]info --Referesh window
2020-11-16 00:19:47,333 INFO main [PageOperations.BaiduLoginSearchWindow]info --Back first page
2020-11-16 00:19:50,858 INFO main [PageOperations.BaiduLoginSearchWindow]info --Forward Search page
2020-11-16 00:19:53,953 INFO main [PageOperations.BaiduLoginSearchWindow]info --Assert hotSearch exists
2020-11-16 00:20:26,106 INFO main [Test.BaiduSearchWindow]info --Test Case start.
2020-11-16 00:20:26,109 INFO main [PageOperations.BaiduLoginSearchWindow]info --Window adjust size :(700, 700)
2020-11-16 00:20:31,379 INFO main [PageOperations.BaiduLoginSearchWindow]info --Window size max
2020-11-16 00:20:34,511 INFO main [PageOperations.BaiduLoginSearchWindow]info --Search box input: beyondSofterr
2020-11-16 00:20:34,581 DEBUG main [SeleniumFrameworkMethod.SeleniumMethodBase]debug get element xpath: //input[@id='kw'].
2020-11-16 00:20:34,620 DEBUG main [SeleniumFrameworkMethod.SeleniumMethodBase]debug get element xpath: //input[@id='kw'].
2020-11-16 00:20:37,781 INFO main [PageOperations.BaiduLoginSearchWindow]info --delete more text.
2020-11-16 00:20:40,670 DEBUG main [SeleniumFrameworkMethod.SeleniumMethodBase]debug get element xpath: //input[@id='kw'].
2020-11-16 00:20:43,724 INFO main [PageOperations.BaiduLoginSearchWindow]info --doubleClick Text
2020-11-16 00:20:43,754 DEBUG main [SeleniumFrameworkMethod.SeleniumMethodBase]debug get element xpath: //input[@id='kw'].
2020-11-16 00:20:46,979 INFO main [PageOperations.BaiduLoginSearchWindow]info --Cut box text :beyondSofterr.
2020-11-16 00:20:47,014 DEBUG main [SeleniumFrameworkMethod.SeleniumMethodBase]debug get element xpath: //input[@id='kw'].
2020-11-16 00:20:50,057 INFO main [PageOperations.BaiduLoginSearchWindow]info --Copy box text :beyondSofterr.
2020-11-16 00:20:50,090 DEBUG main [SeleniumFrameworkMethod.SeleniumMethodBase]debug get element xpath: //input[@id='kw'].
2020-11-16 00:20:53,142 INFO main [PageOperations.BaiduLoginSearchWindow]info --Click search button
2020-11-16 00:20:53,142 DEBUG main [LabelOperation.ButtonMethod]debug click element xpath: //input[@type='submit'].
2020-11-16 00:20:53,179 DEBUG main [SeleniumFrameworkMethod.SeleniumMethodBase]debug get element xpath: //input[@type='submit'].
2020-11-16 00:20:56,317 INFO main [PageOperations.BaiduLoginSearchWindow]info --Referesh window
2020-11-16 00:20:59,346 INFO main [PageOperations.BaiduLoginSearchWindow]info --Back first page
2020-11-16 00:21:02,720 INFO main [PageOperations.BaiduLoginSearchWindow]info --Forward Search page
2020-11-16 00:21:05,809 INFO main [PageOperations.BaiduLoginSearchWindow]info --Assert hotSearch exists
2020-11-16 00:23:24,690 INFO main [Test.BaiduSearchWindow]info --Test Case start.
2020-11-16 00:23:24,694 INFO main [PageOperations.BaiduLoginSearchWindow]info --Window adjust size :(700, 700)
2020-11-16 00:23:32,931 INFO main [PageOperations.BaiduLoginSearchWindow]info --Window size max
2020-11-16 00:23:36,064 INFO main [PageOperations.BaiduLoginSearchWindow]info --Search box input: beyondSofterr
2020-11-16 00:29:42,127 INFO main [Test.BaiduSearchWindow]info --Test Case start.
2020-11-16 00:29:42,131 INFO main [PageOperations.BaiduLoginSearchWindow]info --Window adjust size :(700, 700)
2020-11-16 00:29:47,404 INFO main [PageOperations.BaiduLoginSearchWindow]info --Window size max
2020-11-16 00:29:50,538 INFO main [PageOperations.BaiduLoginSearchWindow]info --Search box input: beyondSofterr
2020-11-16 00:29:53,865 INFO main [PageOperations.BaiduLoginSearchWindow]info --delete more text.
2020-11-16 00:29:56,924 INFO main [PageOperations.BaiduLoginSearchWindow]info --doubleClick Text
2020-11-16 00:30:00,426 INFO main [PageOperations.BaiduLoginSearchWindow]info --Cut box text :beyondSofterr.
2020-11-16 00:30:03,476 INFO main [PageOperations.BaiduLoginSearchWindow]info --Copy box text :beyondSofterr.
2020-11-16 00:30:06,531 INFO main [PageOperations.BaiduLoginSearchWindow]info --Click search button
2020-11-16 00:30:09,683 INFO main [PageOperations.BaiduLoginSearchWindow]info --Referesh window
2020-11-16 00:30:12,695 INFO main [PageOperations.BaiduLoginSearchWindow]info --Back first page
2020-11-16 00:30:16,542 INFO main [PageOperations.BaiduLoginSearchWindow]info --Forward Search page
2020-11-16 00:30:19,613 INFO main [PageOperations.BaiduLoginSearchWindow]info --Assert hotSearch exists
2020-11-16 22:34:38,688 INFO main [Test.BaiduSearchWindow]info --Test Case start.
2020-11-16 22:34:39,494 INFO main [PageOperations.BaiduLoginSearchWindow]info --Window adjust size :(700, 700)
2020-11-16 22:34:48,331 INFO main [PageOperations.BaiduLoginSearchWindow]info --Window size max
2020-11-16 22:34:51,517 INFO main [PageOperations.BaiduLoginSearchWindow]info --Search box input: beyondSofterr
2020-11-16 22:34:56,184 INFO main [PageOperations.BaiduLoginSearchWindow]info --delete more text.
2020-11-16 22:34:59,291 INFO main [PageOperations.BaiduLoginSearchWindow]info --doubleClick Text
2020-11-16 22:35:02,501 INFO main [PageOperations.BaiduLoginSearchWindow]info --Cut box text :beyondSofterr.
2020-11-16 22:35:05,660 INFO main [PageOperations.BaiduLoginSearchWindow]info --Copy box text :beyondSofterr.
2020-11-16 22:35:08,758 INFO main [PageOperations.BaiduLoginSearchWindow]info --Click search button
2020-11-16 22:35:12,024 INFO main [PageOperations.BaiduLoginSearchWindow]info --Referesh window
2020-11-16 22:35:16,608 INFO main [PageOperations.BaiduLoginSearchWindow]info --Back first page
2020-11-16 22:35:20,002 INFO main [PageOperations.BaiduLoginSearchWindow]info --Forward Search page
2020-11-16 22:35:33,123 INFO main [PageOperations.BaiduLoginSearchWindow]info --Assert hotSearch exists
2020-11-16 23:28:39,887 INFO main [Test.BaiduLoginCase]info --Loading driver--
2020-11-16 23:28:56,308 INFO main [Test.BaiduLoginCase]info --Start test Case--
2020-11-16 23:30:40,005 INFO main [Test.BaiduLoginCase]info --Loading driver--
2020-11-16 23:30:50,510 INFO main [Test.BaiduLoginCase]info --Start test Case--
2020-11-16 23:30:53,566 ERROR main [SeleniumFrameworkMethod.SeleniumMethodBase]error Find element error
2020-11-16 23:30:53,574 INFO main [PageOperations.BaiduLoginSearchWindow]info --Click login button
2020-11-16 23:41:12,175 INFO main [Test.BaiduLoginCase]info --Loading driver--
2020-11-16 23:41:23,096 INFO main [Test.BaiduLoginCase]info --Start test Case--
2020-11-16 23:41:26,195 ERROR main [SeleniumFrameworkMethod.SeleniumMethodBase]error Find element error
2020-11-16 23:41:26,202 INFO main [PageOperations.BaiduLoginSearchWindow]info --Click login button
2020-11-16 23:52:28,847 INFO main [Test.BaiduLoginCase]info --Loading driver--
2020-11-16 23:52:39,913 INFO main [Test.BaiduLoginCase]info --Start test Case--
2020-11-16 23:52:43,093 INFO main [PageOperations.BaiduLoginSearchWindow]info --Click login button
2020-11-16 23:55:35,474 INFO main [Test.BaiduLoginCase]info --Loading driver--
2020-11-16 23:55:44,114 INFO main [Test.BaiduLoginCase]info --Start test Case--
2020-11-16 23:55:47,159 INFO main [PageOperations.BaiduLoginSearchWindow]info --Click login button
2020-11-16 23:55:50,391 INFO main [PageOperations.BaiduLoginSearchWindow]info --Input userName box.
2020-11-17 00:00:14,396 INFO main [Test.BaiduLoginCase]info --Loading driver--
2020-11-17 00:00:23,157 INFO main [Test.BaiduLoginCase]info --Start test Case--
2020-11-17 00:00:26,194 INFO main [PageOperations.BaiduLoginSearchWindow]info --Click login button
2020-11-17 00:02:53,523 INFO main [Test.BaiduLoginCase]info --Loading driver--
2020-11-17 00:03:04,934 INFO main [Test.BaiduLoginCase]info --Start test Case--
2020-11-17 00:03:07,968 INFO main [PageOperations.BaiduLoginSearchWindow]info --Click login button
2020-11-17 00:03:11,109 INFO main [PageOperations.BaiduLoginSearchWindow]info --Input userName box.
2020-11-17 00:07:50,506 INFO main [Test.BaiduLoginCase]info --Loading driver--
2020-11-17 00:07:59,434 INFO main [Test.BaiduLoginCase]info --Start test Case--
2020-11-17 00:08:02,499 INFO main [PageOperations.BaiduLoginSearchWindow]info --Click login button
2020-11-17 00:08:05,656 INFO main [PageOperations.BaiduLoginSearchWindow]info --Input userName box.
2020-11-17 00:12:46,215 INFO main [Test.BaiduLoginCase]info --Loading driver--
2020-11-17 00:12:55,570 INFO main [Test.BaiduLoginCase]info --Start test Case--
2020-11-17 00:12:58,602 INFO main [PageOperations.BaiduLoginSearchWindow]info --Click login button
2020-11-17 00:13:01,746 INFO main [PageOperations.BaiduLoginSearchWindow]info --Select Login for UserName
2020-11-17 00:14:18,469 INFO main [Test.BaiduLoginCase]info --Loading driver--
2020-11-17 00:14:28,268 INFO main [Test.BaiduLoginCase]info --Start test Case--
2020-11-17 00:14:31,332 INFO main [PageOperations.BaiduLoginSearchWindow]info --Click login button
2020-11-17 00:14:34,539 INFO main [PageOperations.BaiduLoginSearchWindow]info --Select Login for UserName
2020-11-17 00:20:52,999 INFO main [Test.BaiduLoginCase]info --Loading driver--
2020-11-17 00:21:01,580 INFO main [Test.BaiduLoginCase]info --Start test Case--
2020-11-17 00:21:04,651 INFO main [PageOperations.BaiduLoginSearchWindow]info --Click login button
2020-11-17 00:21:10,007 INFO main [PageOperations.BaiduLoginSearchWindow]info --Select Login for UserName
2020-11-17 00:25:29,833 INFO main [Test.BaiduLoginCase]info --Loading driver--
2020-11-17 00:25:39,096 INFO main [Test.BaiduLoginCase]info --Start test Case--
2020-11-17 00:25:42,158 INFO main [PageOperations.BaiduLoginSearchWindow]info --Click login button
2020-11-17 00:25:45,443 INFO main [PageOperations.BaiduLoginSearchWindow]info --Select Login for UserName
2020-11-17 00:31:07,321 INFO main [Test.BaiduLoginCase]info --Loading driver--
2020-11-17 00:31:15,860 INFO main [Test.BaiduLoginCase]info --Start test Case--
2020-11-17 00:31:18,943 INFO main [PageOperations.BaiduLoginSearchWindow]info --Click login button
2020-11-17 00:31:22,243 INFO main [PageOperations.BaiduLoginSearchWindow]info --Select Login for UserName
2020-11-18 23:29:53,016 INFO main [Test.BaiduLoginCase]info --Loading driver--
2020-11-18 23:30:08,617 INFO main [Test.BaiduLoginCase]info --Start test Case--
2020-11-18 23:30:11,678 INFO main [PageOperations.BaiduLoginSearchWindow]info --Click login button
2020-11-18 23:30:15,145 INFO main [PageOperations.BaiduLoginSearchWindow]info --Select Login for UserName
2020-11-18 23:30:22,787 INFO main [PageOperations.BaiduLoginSearchWindow]info --Input userName box.
2020-11-18 23:30:26,149 INFO main [PageOperations.BaiduLoginSearchWindow]info --Input pwd box.
2020-11-18 23:30:29,530 INFO main [PageOperations.BaiduLoginSearchWindow]info --Click loging button.
2020-11-18 23:45:39,937 INFO main [Test.BaiduLoginCase]info --Loading driver--
2020-11-18 23:45:49,414 INFO main [Test.BaiduLoginCase]info --Start test Case--
2020-11-18 23:45:52,457 INFO main [PageOperations.BaiduLoginSearchWindow]info --Click login button
2020-11-18 23:45:55,737 INFO main [PageOperations.BaiduLoginSearchWindow]info --Select Login for UserName
2020-11-18 23:46:12,344 INFO main [PageOperations.BaiduLoginSearchWindow]info --Input userName box.
2020-11-18 23:46:16,622 INFO main [PageOperations.BaiduLoginSearchWindow]info --Input pwd box.
2020-11-18 23:46:20,039 INFO main [PageOperations.BaiduLoginSearchWindow]info --Click loging button.
2020-11-18 23:48:31,618 INFO main [Test.BaiduLoginCase]info --Loading driver--
2020-11-18 23:48:40,383 INFO main [Test.BaiduLoginCase]info --Start test Case--
2020-11-18 23:48:43,448 INFO main [PageOperations.BaiduLoginSearchWindow]info --Click login button
2020-11-18 23:48:46,767 INFO main [PageOperations.BaiduLoginSearchWindow]info --Select Login for UserName
2020-11-18 23:49:03,728 INFO main [PageOperations.BaiduLoginSearchWindow]info --Input userName box.
2020-11-18 23:49:08,026 INFO main [PageOperations.BaiduLoginSearchWindow]info --Input pwd box.
2020-11-18 23:49:11,413 INFO main [PageOperations.BaiduLoginSearchWindow]info --Click loging button.
2020-11-18 23:49:14,731 INFO main [PageOperations.BaiduLoginSearchWindow]info --Check Elemnet exists.
2020-11-18 23:50:05,093 INFO main [Test.BaiduLoginCase]info --Loading driver--
2020-11-18 23:50:13,437 INFO main [Test.BaiduLoginCase]info --Start test Case--
2020-11-18 23:50:16,494 INFO main [PageOperations.BaiduLoginSearchWindow]info --Click login button
2020-11-18 23:50:19,750 INFO main [PageOperations.BaiduLoginSearchWindow]info --Select Login for UserName
2020-11-18 23:50:36,098 INFO main [PageOperations.BaiduLoginSearchWindow]info --Input userName box.
2020-11-18 23:50:40,350 INFO main [PageOperations.BaiduLoginSearchWindow]info --Input pwd box.
2020-11-18 23:50:43,728 INFO main [PageOperations.BaiduLoginSearchWindow]info --Click loging button.
2020-11-18 23:50:47,057 INFO main [PageOperations.BaiduLoginSearchWindow]info --Check Elemnet exists.
2020-11-18 23:53:29,203 INFO main [Test.BaiduLoginCase]info --Loading driver--
2020-11-18 23:53:37,960 INFO main [Test.BaiduLoginCase]info --Start test Case--
2020-11-18 23:53:40,994 INFO main [PageOperations.BaiduLoginSearchWindow]info --Click login button
2020-11-18 23:53:44,249 INFO main [PageOperations.BaiduLoginSearchWindow]info --Select Login for UserName
2020-11-18 23:54:01,598 INFO main [PageOperations.BaiduLoginSearchWindow]info --Input userName box.
2020-11-18 23:54:05,846 INFO main [PageOperations.BaiduLoginSearchWindow]info --Input pwd box.
2020-11-18 23:54:09,257 INFO main [PageOperations.BaiduLoginSearchWindow]info --Click loging button.
2020-11-19 00:05:28,228 INFO main [Test.BaiduLoginCase]info --Loading driver--
2020-11-19 00:05:36,866 INFO main [Test.BaiduLoginCase]info --Start test Case--
2020-11-19 00:05:39,899 INFO main [PageOperations.BaiduLoginSearchWindow]info --Click login button
2020-11-19 00:05:43,151 INFO main [PageOperations.BaiduLoginSearchWindow]info --Select Login for UserName
2020-11-19 00:05:59,582 INFO main [PageOperations.BaiduLoginSearchWindow]info --Input userName box.
2020-11-19 00:06:03,765 INFO main [PageOperations.BaiduLoginSearchWindow]info --Input pwd box.
2020-11-19 00:06:07,096 INFO main [PageOperations.BaiduLoginSearchWindow]info --Click loging button.
2020-11-19 00:37:11,330 INFO main [Test.BaiduLoginCase]info --Loading driver--
2020-11-19 00:37:20,186 INFO main [Test.BaiduLoginCase]info --Start test Case--
2020-11-19 00:37:23,236 INFO main [PageOperations.BaiduLoginSearchWindow]info --Click login button
2020-11-19 00:37:26,544 INFO main [PageOperations.BaiduLoginSearchWindow]info --Select Login for UserName
2020-11-19 00:37:42,176 INFO main [PageOperations.BaiduLoginSearchWindow]info --Input userName box.
2020-11-19 00:37:47,452 INFO main [PageOperations.BaiduLoginSearchWindow]info --Input pwd box.
2020-11-19 00:37:50,805 INFO main [PageOperations.BaiduLoginSearchWindow]info --Click loging button.
2020-11-19 00:40:55,419 INFO main [Test.BaiduLoginCase]info --Loading driver--
2020-11-19 00:41:04,161 INFO main [Test.BaiduLoginCase]info --Start test Case--
2020-11-19 00:41:07,192 INFO main [PageOperations.BaiduLoginSearchWindow]info --Click login button
2020-11-19 00:41:10,442 INFO main [PageOperations.BaiduLoginSearchWindow]info --Select Login for UserName
2020-11-19 00:41:25,569 INFO main [PageOperations.BaiduLoginSearchWindow]info --Input userName box.
2020-11-19 00:41:29,780 INFO main [PageOperations.BaiduLoginSearchWindow]info --Input pwd box.
2020-11-19 00:41:33,178 INFO main [PageOperations.BaiduLoginSearchWindow]info --Click loging button.
2020-11-19 00:46:47,882 INFO main [Test.BaiduLoginCase]info --Loading driver--
2020-11-19 00:46:55,995 INFO main [Test.BaiduLoginCase]info --Start test Case--
2020-11-19 00:46:59,041 INFO main [PageOperations.BaiduLoginSearchWindow]info --Click login button
2020-11-19 00:47:02,304 INFO main [PageOperations.BaiduLoginSearchWindow]info --Select Login for UserName
2020-11-19 00:47:19,160 INFO main [PageOperations.BaiduLoginSearchWindow]info --Input userName box.
2020-11-19 00:47:23,387 INFO main [PageOperations.BaiduLoginSearchWindow]info --Input pwd box.
2020-11-19 00:47:26,716 INFO main [PageOperations.BaiduLoginSearchWindow]info --Click loging button.
2020-11-19 00:50:13,842 INFO main [Test.BaiduLoginCase]info --Loading driver--
2020-11-19 00:50:22,504 INFO main [Test.BaiduLoginCase]info --Start test Case--
2020-11-19 00:50:25,531 INFO main [PageOperations.BaiduLoginSearchWindow]info --Click login button
2020-11-19 00:50:28,759 INFO main [PageOperations.BaiduLoginSearchWindow]info --Select Login for UserName
2020-11-19 00:50:44,308 INFO main [PageOperations.BaiduLoginSearchWindow]info --Input userName box.
2020-11-19 00:50:49,613 INFO main [PageOperations.BaiduLoginSearchWindow]info --Input pwd box.
2020-11-19 00:50:53,052 INFO main [PageOperations.BaiduLoginSearchWindow]info --Click loging button.
2020-11-19 00:54:21,010 INFO main [Test.BaiduLoginCase]info --Loading driver--
2020-11-19 00:54:29,908 INFO main [Test.BaiduLoginCase]info --Start test Case--
2020-11-19 00:54:32,942 INFO main [PageOperations.BaiduLoginSearchWindow]info --Click login button
2020-11-19 00:54:36,210 INFO main [PageOperations.BaiduLoginSearchWindow]info --Select Login for UserName
2020-11-19 00:54:52,577 INFO main [PageOperations.BaiduLoginSearchWindow]info --Input userName box.
2020-11-19 00:54:56,796 INFO main [PageOperations.BaiduLoginSearchWindow]info --Input pwd box.
2020-11-19 00:55:00,163 INFO main [PageOperations.BaiduLoginSearchWindow]info --Click loging button.
2020-11-19 00:58:28,569 INFO main [Test.BaiduLoginCase]info --Loading driver--
2020-11-19 00:58:36,773 INFO main [Test.BaiduLoginCase]info --Start test Case--
2020-11-19 00:58:39,810 INFO main [PageOperations.BaiduLoginSearchWindow]info --Click login button
2020-11-19 00:58:43,088 INFO main [PageOperations.BaiduLoginSearchWindow]info --Select Login for UserName
2020-11-19 00:59:01,563 INFO main [PageOperations.BaiduLoginSearchWindow]info --Input userName box.
2020-11-19 00:59:04,878 INFO main [PageOperations.BaiduLoginSearchWindow]info --Input pwd box.
2020-11-19 00:59:08,287 INFO main [PageOperations.BaiduLoginSearchWindow]info --Click loging button.
2020-11-19 01:03:27,684 INFO main [Test.BaiduLoginCase]info --Loading driver--
2020-11-19 01:03:35,716 INFO main [Test.BaiduLoginCase]info --Start test Case--
2020-11-19 01:03:38,772 INFO main [PageOperations.BaiduLoginSearchWindow]info --Click login button
2020-11-19 01:03:42,079 INFO main [PageOperations.BaiduLoginSearchWindow]info --Select Login for UserName
2020-11-19 01:03:57,346 INFO main [PageOperations.BaiduLoginSearchWindow]info --Input userName box.
2020-11-19 01:04:01,564 INFO main [PageOperations.BaiduLoginSearchWindow]info --Input pwd box.
2020-11-19 01:04:05,015 INFO main [PageOperations.BaiduLoginSearchWindow]info --Click loging button.
2020-11-19 01:04:08,311 INFO main [PageOperations.BaiduLoginSearchWindow]info --Check Elemnet exists.
2020-11-19 01:05:25,307 INFO main [Test.BaiduLoginCase]info --Loading driver--
2020-11-19 01:05:34,136 INFO main [Test.BaiduLoginCase]info --Start test Case--
2020-11-19 01:05:37,168 INFO main [PageOperations.BaiduLoginSearchWindow]info --Click login button
2020-11-19 01:05:40,450 INFO main [PageOperations.BaiduLoginSearchWindow]info --Select Login for UserName
2020-11-19 01:05:55,602 INFO main [PageOperations.BaiduLoginSearchWindow]info --Input userName box.
2020-11-19 01:05:59,700 INFO main [PageOperations.BaiduLoginSearchWindow]info --Input pwd box.
2020-11-19 01:06:03,077 INFO main [PageOperations.BaiduLoginSearchWindow]info --Click loging button.
2020-11-21 20:36:46,918 INFO main [Test.BaiduLoginCase]info --Loading driver--
2020-11-21 20:36:57,692 INFO main [Test.BaiduLoginCase]info --Start test Case--
2020-11-21 20:37:00,758 INFO main [PageOperations.BaiduLoginSearchWindow]info --Click login button
2020-11-21 20:37:04,241 INFO main [PageOperations.BaiduLoginSearchWindow]info --Select Login for UserName
2020-11-21 20:37:22,594 INFO main [PageOperations.BaiduLoginSearchWindow]info --Input userName box.
2020-11-21 20:37:26,757 INFO main [PageOperations.BaiduLoginSearchWindow]info --Input pwd box.
2020-11-21 20:37:30,011 INFO main [PageOperations.BaiduLoginSearchWindow]info --Click loging button.
2020-11-21 20:37:33,217 INFO main [PageOperations.BaiduLoginSearchWindow]info --Check Elemnet exists.
